<?xml version="1.0" encoding="UTF-8"?>
<testng-results skipped="0" failed="1" ignored="0" total="3" passed="2">
  <reporter-output>
  </reporter-output>
  <suite name="Default suite" duration-ms="70268" started-at="2019-03-11T09:45:56Z" finished-at="2019-03-11T09:47:06Z">
    <groups>
    </groups>
    <test name="Default test" duration-ms="70268" started-at="2019-03-11T09:45:56Z" finished-at="2019-03-11T09:47:06Z">
      <class name="Dwell.UserModule">
        <test-method status="PASS" signature="setup_server()[pri:1, instance:Dwell.UserModule@3cb1ffe6]" name="setup_server" duration-ms="18247" started-at="2019-03-11T09:45:56Z" description="Creating App session and opening app" finished-at="2019-03-11T09:46:14Z">
          <reporter-output>
          </reporter-output>
        </test-method> <!-- setup_server -->
        <test-method status="PASS" signature="clicklinks()[pri:2, instance:Dwell.UserModule@3cb1ffe6]" name="clicklinks" duration-ms="1250" started-at="2019-03-11T09:46:14Z" description="Click landing page links" finished-at="2019-03-11T09:46:16Z">
          <reporter-output>
          </reporter-output>
        </test-method> <!-- clicklinks -->
        <test-method status="FAIL" signature="LoginNewLandlord()[pri:5, instance:Dwell.UserModule@3cb1ffe6]" name="LoginNewLandlord" duration-ms="50709" started-at="2019-03-11T09:46:16Z" description="Testing Login Page with new user&#039;s landlord profile set up" finished-at="2019-03-11T09:47:06Z">
          <exception class="org.openqa.selenium.NoSuchElementException">
            <message>
              <![CDATA[An element could not be located on the page using the given search parameters. (WARNING: The server did not provide any stacktrace information)
Command duration or timeout: 28.52 seconds
For documentation on this error, please visit: http://seleniumhq.org/exceptions/no_such_element.html
Build info: version: 'unknown', revision: 'unknown', time: 'unknown'
System info: host: 'DESKTOP-19NAQAT', ip: '192.168.206.2', os.name: 'Windows 10', os.arch: 'amd64', os.version: '10.0', java.version: '1.8.0_191'
Driver info: io.appium.java_client.android.AndroidDriver
Capabilities [{appPackage=com.app.dwell, deviceScreenSize=1080x1920, networkConnectionEnabled=true, noReset=true, warnings={}, databaseEnabled=false, deviceName=192.168.206.101:5555, platform=LINUX, deviceUDID=192.168.206.101:5555, appActivity=com.app.dwell.ui.splash.SplashScreen, desired={appPackage=com.app.dwell, appActivity=com.app.dwell.ui.splash.SplashScreen, noReset=true, newCommandTimeout=60.0, platformVersion=7.1, platformName=Android, deviceName=Google Pixel}, newCommandTimeout=60.0, platformVersion=7.1.1, webStorageEnabled=false, locationContextEnabled=false, takesScreenshot=true, javascriptEnabled=true, deviceModel=Google Pixel - 7.1.0 - API 25 - 1080x1920, platformName=Android, deviceManufacturer=Genymotion}]
Session ID: 7cbf155b-73dc-40ba-a768-d2efa476f896
*** Element info: {Using=id, value=com.app.dwell:id/tv_add_bank_account}]]>
            </message>
            <full-stacktrace>
              <![CDATA[org.openqa.selenium.NoSuchElementException: An element could not be located on the page using the given search parameters. (WARNING: The server did not provide any stacktrace information)
Command duration or timeout: 28.52 seconds
For documentation on this error, please visit: http://seleniumhq.org/exceptions/no_such_element.html
Build info: version: 'unknown', revision: 'unknown', time: 'unknown'
System info: host: 'DESKTOP-19NAQAT', ip: '192.168.206.2', os.name: 'Windows 10', os.arch: 'amd64', os.version: '10.0', java.version: '1.8.0_191'
Driver info: io.appium.java_client.android.AndroidDriver
Capabilities [{appPackage=com.app.dwell, deviceScreenSize=1080x1920, networkConnectionEnabled=true, noReset=true, warnings={}, databaseEnabled=false, deviceName=192.168.206.101:5555, platform=LINUX, deviceUDID=192.168.206.101:5555, appActivity=com.app.dwell.ui.splash.SplashScreen, desired={appPackage=com.app.dwell, appActivity=com.app.dwell.ui.splash.SplashScreen, noReset=true, newCommandTimeout=60.0, platformVersion=7.1, platformName=Android, deviceName=Google Pixel}, newCommandTimeout=60.0, platformVersion=7.1.1, webStorageEnabled=false, locationContextEnabled=false, takesScreenshot=true, javascriptEnabled=true, deviceModel=Google Pixel - 7.1.0 - API 25 - 1080x1920, platformName=Android, deviceManufacturer=Genymotion}]
Session ID: 7cbf155b-73dc-40ba-a768-d2efa476f896
*** Element info: {Using=id, value=com.app.dwell:id/tv_add_bank_account}
at sun.reflect.NativeConstructorAccessorImpl.newInstance0(Native Method)
at sun.reflect.NativeConstructorAccessorImpl.newInstance(Unknown Source)
at sun.reflect.DelegatingConstructorAccessorImpl.newInstance(Unknown Source)
at java.lang.reflect.Constructor.newInstance(Unknown Source)
at org.openqa.selenium.remote.ErrorHandler.createThrowable(ErrorHandler.java:215)
at org.openqa.selenium.remote.ErrorHandler.throwIfResponseFailed(ErrorHandler.java:167)
at org.openqa.selenium.remote.RemoteWebDriver.execute(RemoteWebDriver.java:671)
at io.appium.java_client.DefaultGenericMobileDriver.execute(DefaultGenericMobileDriver.java:40)
at io.appium.java_client.AppiumDriver.execute(AppiumDriver.java:1)
at io.appium.java_client.android.AndroidDriver.execute(AndroidDriver.java:1)
at org.openqa.selenium.remote.RemoteWebDriver.findElement(RemoteWebDriver.java:410)
at io.appium.java_client.DefaultGenericMobileDriver.findElement(DefaultGenericMobileDriver.java:56)
at io.appium.java_client.AppiumDriver.findElement(AppiumDriver.java:1)
at io.appium.java_client.android.AndroidDriver.findElement(AndroidDriver.java:1)
at org.openqa.selenium.remote.RemoteWebDriver.findElementById(RemoteWebDriver.java:453)
at io.appium.java_client.DefaultGenericMobileDriver.findElementById(DefaultGenericMobileDriver.java:64)
at io.appium.java_client.AppiumDriver.findElementById(AppiumDriver.java:1)
at io.appium.java_client.android.AndroidDriver.findElementById(AndroidDriver.java:1)
at org.openqa.selenium.By$ById.findElement(By.java:218)
at org.openqa.selenium.remote.RemoteWebDriver.findElement(RemoteWebDriver.java:402)
at io.appium.java_client.DefaultGenericMobileDriver.findElement(DefaultGenericMobileDriver.java:52)
at io.appium.java_client.AppiumDriver.findElement(AppiumDriver.java:1)
at io.appium.java_client.android.AndroidDriver.findElement(AndroidDriver.java:1)
at Dwell.ProfileSetUpLandlord.clickadd_bank(ProfileSetUpLandlord.java:171)
at Dwell.ProfileSetUpLandlord.loginstep2_bank(ProfileSetUpLandlord.java:262)
at Dwell.UserModule.LoginNewLandlord(UserModule.java:189)
at sun.reflect.NativeMethodAccessorImpl.invoke0(Native Method)
at sun.reflect.NativeMethodAccessorImpl.invoke(Unknown Source)
at sun.reflect.DelegatingMethodAccessorImpl.invoke(Unknown Source)
at java.lang.reflect.Method.invoke(Unknown Source)
at org.testng.internal.MethodInvocationHelper.invokeMethod(MethodInvocationHelper.java:124)
at org.testng.internal.Invoker.invokeMethod(Invoker.java:580)
at org.testng.internal.Invoker.invokeTestMethod(Invoker.java:716)
at org.testng.internal.Invoker.invokeTestMethods(Invoker.java:988)
at org.testng.internal.TestMethodWorker.invokeTestMethods(TestMethodWorker.java:125)
at org.testng.internal.TestMethodWorker.run(TestMethodWorker.java:109)
at org.testng.TestRunner.privateRun(TestRunner.java:648)
at org.testng.TestRunner.run(TestRunner.java:505)
at org.testng.SuiteRunner.runTest(SuiteRunner.java:455)
at org.testng.SuiteRunner.runSequentially(SuiteRunner.java:450)
at org.testng.SuiteRunner.privateRun(SuiteRunner.java:415)
at org.testng.SuiteRunner.run(SuiteRunner.java:364)
at org.testng.SuiteRunnerWorker.runSuite(SuiteRunnerWorker.java:52)
at org.testng.SuiteRunnerWorker.run(SuiteRunnerWorker.java:84)
at org.testng.TestNG.runSuitesSequentially(TestNG.java:1208)
at org.testng.TestNG.runSuitesLocally(TestNG.java:1137)
at org.testng.TestNG.runSuites(TestNG.java:1049)
at org.testng.TestNG.run(TestNG.java:1017)
at org.testng.remote.AbstractRemoteTestNG.run(AbstractRemoteTestNG.java:114)
at org.testng.remote.RemoteTestNG.initAndRun(RemoteTestNG.java:251)
at org.testng.remote.RemoteTestNG.main(RemoteTestNG.java:77)
]]>
            </full-stacktrace>
          </exception> <!-- org.openqa.selenium.NoSuchElementException -->
          <reporter-output>
          </reporter-output>
        </test-method> <!-- LoginNewLandlord -->
      </class> <!-- Dwell.UserModule -->
    </test> <!-- Default test -->
  </suite> <!-- Default suite -->
</testng-results>
